0 info it worked if it ends with ok
1 verbose cli [ 'C:\\Program Files\\nodejs\\node.exe',
1 verbose cli   'C:\\Program Files\\nodejs\\node_modules\\npm\\bin\\npm-cli.js',
1 verbose cli   'run',
1 verbose cli   'test' ]
2 info using npm@3.10.8
3 info using node@v6.9.1
4 verbose run-script [ 'pretest', 'test', 'posttest' ]
5 info lifecycle browsers@1.0.0~pretest: browsers@1.0.0
6 silly lifecycle browsers@1.0.0~pretest: no script for pretest, continuing
7 info lifecycle browsers@1.0.0~test: browsers@1.0.0
8 verbose lifecycle browsers@1.0.0~test: unsafe-perm in lifecycle true
9 verbose lifecycle browsers@1.0.0~test: PATH: C:\Program Files\nodejs\node_modules\npm\bin\node-gyp-bin;C:\Users\Vangelisp\projects\MCS\browsers\node_modules\.bin;C:\Users\Vangelisp\bin;C:\Program Files\Git\mingw64\bin;C:\Program Files\Git\usr\local\bin;C:\Program Files\Git\usr\bin;C:\Program Files\Git\usr\bin;C:\Program Files\Git\mingw64\bin;C:\Program Files\Git\usr\bin;C:\Users\Vangelisp\bin;C:\Program Files\Common Files\Microsoft Shared\Microsoft Online Services;C:\Program Files (x86)\Common Files\Microsoft Shared\Microsoft Online Services;C:\Windows\system32;C:\Windows;C:\Windows\System32\Wbem;C:\Windows\System32\WindowsPowerShell\v1.0;C:\Windows\System32\WindowsPowerShell\v1.0;C:\Program Files\nodejs;C:\Windows\System32\WindowsPowerShell\v1.0;C:\Users\Vangelisp\AppData\Local\Programs\Python\Python36-32\Scripts;C:\Users\Vangelisp\AppData\Local\Programs\Python\Python36-32;C:\Users\Vangelisp\bin\Sencha\Cmd;C:\Program Files\Git\mingw64\bin;C:\go\bin;C:\Users\Vangelisp\go\bin;C:\phantomjs\bin;C:\Program Files\Git\usr\bin\vendor_perl;C:\Program Files\Git\usr\bin\core_perl
10 verbose lifecycle browsers@1.0.0~test: CWD: C:\Users\Vangelisp\projects\MCS\browsers
11 silly lifecycle browsers@1.0.0~test: Args: [ '/d /s /c', './node_modules/karma/bin/karma start' ]
12 silly lifecycle browsers@1.0.0~test: Returned: code: 1  signal: null
13 info lifecycle browsers@1.0.0~test: Failed to exec test script
14 verbose stack Error: browsers@1.0.0 test: `./node_modules/karma/bin/karma start`
14 verbose stack Exit status 1
14 verbose stack     at EventEmitter.<anonymous> (C:\Program Files\nodejs\node_modules\npm\lib\utils\lifecycle.js:255:16)
14 verbose stack     at emitTwo (events.js:106:13)
14 verbose stack     at EventEmitter.emit (events.js:191:7)
14 verbose stack     at ChildProcess.<anonymous> (C:\Program Files\nodejs\node_modules\npm\lib\utils\spawn.js:40:14)
14 verbose stack     at emitTwo (events.js:106:13)
14 verbose stack     at ChildProcess.emit (events.js:191:7)
14 verbose stack     at maybeClose (internal/child_process.js:877:16)
14 verbose stack     at Process.ChildProcess._handle.onexit (internal/child_process.js:226:5)
15 verbose pkgid browsers@1.0.0
16 verbose cwd C:\Users\Vangelisp\projects\MCS\browsers
17 error Windows_NT 6.1.7601
18 error argv "C:\\Program Files\\nodejs\\node.exe" "C:\\Program Files\\nodejs\\node_modules\\npm\\bin\\npm-cli.js" "run" "test"
19 error node v6.9.1
20 error npm  v3.10.8
21 error code ELIFECYCLE
22 error browsers@1.0.0 test: `./node_modules/karma/bin/karma start`
22 error Exit status 1
23 error Failed at the browsers@1.0.0 test script './node_modules/karma/bin/karma start'.
23 error Make sure you have the latest version of node.js and npm installed.
23 error If you do, this is most likely a problem with the browsers package,
23 error not with npm itself.
23 error Tell the author that this fails on your system:
23 error     ./node_modules/karma/bin/karma start
23 error You can get information on how to open an issue for this project with:
23 error     npm bugs browsers
23 error Or if that isn't available, you can get their info via:
23 error     npm owner ls browsers
23 error There is likely additional logging output above.
24 verbose exit [ 1, true ]
